Determining if the pthread_create exist failed with the following output:
Change Dir: /home/hamid/Desktop/project4/catkin_ws/build/cartesian_control/CMakeFiles/CMakeTmp

Run Build Command:"/usr/bin/make" "cmTC_cea6a/fast"
/usr/bin/make -f CMakeFiles/cmTC_cea6a.dir/build.make CMakeFiles/cmTC_cea6a.dir/build
make[1]: Entering directory '/home/hamid/Desktop/project4/catkin_ws/build/cartesian_control/CMakeFiles/CMakeTmp'
Building C object CMakeFiles/cmTC_cea6a.dir/CheckSymbolExists.c.o
/usr/bin/cc     -o CMakeFiles/cmTC_cea6a.dir/CheckSymbolExists.c.o   -c /home/hamid/Desktop/project4/catkin_ws/build/cartesian_control/CMakeFiles/CMakeTmp/CheckSymbolExists.c
Linking C executable cmTC_cea6a
/usr/bin/cmake -E cmake_link_script CMakeFiles/cmTC_cea6a.dir/link.txt --verbose=1
/usr/bin/cc       CMakeFiles/cmTC_cea6a.dir/CheckSymbolExists.c.o  -o cmTC_cea6a -rdynamic 
CMakeFiles/cmTC_cea6a.dir/CheckSymbolExists.c.o: In function `main':
CheckSymbolExists.c:(.text+0x16): undefined reference to `pthread_create'
collect2: error: ld returned 1 exit status
CMakeFiles/cmTC_cea6a.dir/build.make:97: recipe for target 'cmTC_cea6a' failed
make[1]: *** [cmTC_cea6a] Error 1
make[1]: Leaving directory '/home/hamid/Desktop/project4/catkin_ws/build/cartesian_control/CMakeFiles/CMakeTmp'
Makefile:126: recipe for target 'cmTC_cea6a/fast' failed
make: *** [cmTC_cea6a/fast] Error 2

File /home/hamid/Desktop/project4/catkin_ws/build/cartesian_control/CMakeFiles/CMakeTmp/CheckSymbolExists.c:
/* */
#include <pthread.h>

int main(int argc, char** argv)
{
  (void)argv;
#ifndef pthread_create
  return ((int*)(&pthread_create))[argc];
#else
  (void)argc;
  return 0;
#endif
}

Determining if the function pthread_create exists in the pthreads failed with the following output:
Change Dir: /home/hamid/Desktop/project4/catkin_ws/build/cartesian_control/CMakeFiles/CMakeTmp

Run Build Command:"/usr/bin/make" "cmTC_56099/fast"
/usr/bin/make -f CMakeFiles/cmTC_56099.dir/build.make CMakeFiles/cmTC_56099.dir/build
make[1]: Entering directory '/home/hamid/Desktop/project4/catkin_ws/build/cartesian_control/CMakeFiles/CMakeTmp'
Building C object CMakeFiles/cmTC_56099.dir/CheckFunctionExists.c.o
/usr/bin/cc    -DCHECK_FUNCTION_EXISTS=pthread_create   -o CMakeFiles/cmTC_56099.dir/CheckFunctionExists.c.o   -c /usr/share/cmake-3.5/Modules/CheckFunctionExists.c
Linking C executable cmTC_56099
/usr/bin/cmake -E cmake_link_script CMakeFiles/cmTC_56099.dir/link.txt --verbose=1
/usr/bin/cc   -DCHECK_FUNCTION_EXISTS=pthread_create    CMakeFiles/cmTC_56099.dir/CheckFunctionExists.c.o  -o cmTC_56099 -rdynamic -lpthreads 
/usr/bin/ld: cannot find -lpthreads
collect2: error: ld returned 1 exit status
CMakeFiles/cmTC_56099.dir/build.make:97: recipe for target 'cmTC_56099' failed
make[1]: *** [cmTC_56099] Error 1
make[1]: Leaving directory '/home/hamid/Desktop/project4/catkin_ws/build/cartesian_control/CMakeFiles/CMakeTmp'
Makefile:126: recipe for target 'cmTC_56099/fast' failed
make: *** [cmTC_56099/fast] Error 2


